 INFO | 2022-12-21 16:31:53,658 | Common.java | 76 | Startup activites...
 INFO | 2022-12-21 16:31:53,664 | Common.java | 76 | Test Output Directory creation successful :D:\Hatcher\iSafe_Hatcher_Final_12_12_LatestNew\iSafe_Hatcher_Final_12_12_Latest/TestResults/2022_12_21_04_31_53_PM
 INFO | 2022-12-21 16:31:53,664 | Common.java | 76 | Log File creation successful : LogFile.log
 INFO | 2022-12-21 16:31:53,927 | Common.java | 76 | Getting value of GridExecution from Test Configuration file : Yes
 INFO | 2022-12-21 16:31:54,283 | Common.java | 76 | Getting value of AppURL from Test Configuration file : https://hq.hatcher-staging.com/
 INFO | 2022-12-21 16:31:54,286 | Common.java | 76 | Getting value of Tc_Settings_Excelpath from Test Configuration file : ./data/TestCaseSettings.xls
 INFO | 2022-12-21 16:31:54,359 | Common.java | 76 | Getting value of Test Suite from Test Configuration file : Batch_Suite
 INFO | 2022-12-21 16:31:54,362 | Common.java | 76 | Getting value of Test Suite from Test Configuration file : Batch_Suite
 INFO | 2022-12-21 16:31:54,539 | Common.java | 76 | Getting value of CssStyle from Test Configuration file : Style3
 INFO | 2022-12-21 16:31:54,547 | Common.java | 76 | Getting value of CssStyle from Test Configuration file : Style3
 INFO | 2022-12-21 16:31:55,625 | Common.java | 76 | Getting value of ElementLoadWaitTime from Test Configuration file : 10
 INFO | 2022-12-21 16:31:55,629 | Common.java | 76 | Getting value of TextLoadWaitTime from Test Configuration file : 45
 INFO | 2022-12-21 16:31:55,631 | Common.java | 76 | Getting value of PageLoadWaitTime from Test Configuration file : 60
 INFO | 2022-12-21 16:31:55,633 | Common.java | 76 | Getting value of ImplicitlyWaitTime from Test Configuration file : 45
 INFO | 2022-12-21 16:31:55,633 | Common.java | 76 | Element time out set
 INFO | 2022-12-21 16:31:55,637 | Common.java | 76 | Getting value of GridExecution from Test Configuration file : Yes
 INFO | 2022-12-21 16:31:55,642 | Common.java | 76 | Opening Chrome Browser...
 INFO | 2022-12-21 16:31:55,646 | Common.java | 76 | Getting value of AppiumTimeOut from Test Configuration file : 600
 INFO | 2022-12-21 16:31:55,691 | Common.java | 76 | Getting value of Download directory from Test Configuration file : 
ERROR | 2022-12-21 16:31:56,675 | Common.java | 84 | Browser: Open Failure/Navigation cancelled, please check the application window. Error: org.openqa.selenium.WebDriverException: Error forwarding the new session Empty pool of VM for setup Capabilities {browserName: chrome, chromeOptions: {args: [test-type, disable-infobars], extensions: [], prefs: {download.default_directory: , download.prompt_for_download: false}}, newCommandTimeout: 600, platform: WINDOWS}
Command duration or timeout: 146 milliseconds
Build info: version: '3.5.3', revision: 'a88d25fe6b', time: '2017-08-29T12:54:15.039Z'
System info: host: 'IND-CHN-LT12568', ip: '10.10.152.25', os.name: 'Windows 10', os.arch: 'amd64', os.version: '10.0', java.version: '11.0.15'
Driver info: driver.version: RemoteWebDriver
ERROR | 2022-12-21 16:31:56,676 | Common.java | 84 | Browser: Open Failure/Navigation cancelled, please check the application window.
ERROR | 2022-12-21 16:31:56,676 | Common.java | 84 | org.openqa.selenium.WebDriverException: Error forwarding the new session Empty pool of VM for setup Capabilities {browserName: chrome, chromeOptions: {args: [test-type, disable-infobars], extensions: [], prefs: {download.default_directory: , download.prompt_for_download: false}}, newCommandTimeout: 600, platform: WINDOWS}
Command duration or timeout: 146 milliseconds
Build info: version: '3.5.3', revision: 'a88d25fe6b', time: '2017-08-29T12:54:15.039Z'
System info: host: 'IND-CHN-LT12568', ip: '10.10.152.25', os.name: 'Windows 10', os.arch: 'amd64', os.version: '10.0', java.version: '11.0.15'
Driver info: driver.version: RemoteWebDriver
 INFO | 2022-12-21 16:31:56,684 | Common.java | 76 | Getting value of Version_Name from Test Configuration file : 1
 INFO | 2022-12-21 16:31:56,686 | Common.java | 76 | Getting value of Project_Name from Test Configuration file : Hatcher Automation Execution Report
 INFO | 2022-12-21 16:31:56,747 | Common.java | 76 | Getting value of StoreResultsInCouchDB from Test Configuration file : No
 INFO | 2022-12-21 16:31:56,753 | Common.java | 76 | Getting value of Last runs results in Barchart from Test Configuration file : No
 INFO | 2022-12-21 16:31:56,755 | Common.java | 76 | Getting value of GridExecution from Test Configuration file : Yes
 INFO | 2022-12-21 16:31:56,756 | Common.java | 76 | Getting value of CssStyle from Test Configuration file : Style3
 INFO | 2022-12-21 16:31:57,248 | Common.java | 76 | Cleanup activites...
 INFO | 2022-12-21 16:31:57,249 | Common.java | 76 | Cleanup activities - Done...
 INFO | 2022-12-21 16:31:57,249 | Common.java | 76 | ###################################
 INFO | 2022-12-21 16:31:57,250 | Common.java | 76 | Script Execution Complete
 INFO | 2022-12-21 16:31:57,250 | Common.java | 76 | ###################################
