 INFO | 2022-12-23 20:14:15,319 | Common.java | 76 | Startup activites...
 INFO | 2022-12-23 20:14:15,324 | Common.java | 76 | Test Output Directory creation successful :D:\Hatcher\iSafe_Hatcher_Final_12_12_LatestNew\iSafe_Hatcher_Final_12_12_Latest/TestResults/2022_12_23_08_14_15_PM
 INFO | 2022-12-23 20:14:15,324 | Common.java | 76 | Log File creation successful : LogFile.log
 INFO | 2022-12-23 20:14:15,535 | Common.java | 76 | Getting value of GridExecution from Test Configuration file : Yes
 INFO | 2022-12-23 20:14:15,832 | Common.java | 76 | Getting value of AppURL from Test Configuration file : https://hq.hatcher-staging.com/
 INFO | 2022-12-23 20:14:15,835 | Common.java | 76 | Getting value of Tc_Settings_Excelpath from Test Configuration file : ./data/TestCaseSettings.xls
 INFO | 2022-12-23 20:14:15,937 | Common.java | 76 | Getting value of Test Suite from Test Configuration file : Batch_Suite
 INFO | 2022-12-23 20:14:15,939 | Common.java | 76 | Getting value of Test Suite from Test Configuration file : Batch_Suite
 INFO | 2022-12-23 20:14:16,087 | Common.java | 76 | Getting value of CssStyle from Test Configuration file : Style3
 INFO | 2022-12-23 20:14:16,094 | Common.java | 76 | Getting value of CssStyle from Test Configuration file : Style3
 INFO | 2022-12-23 20:14:17,129 | Common.java | 76 | Getting value of ElementLoadWaitTime from Test Configuration file : 10
 INFO | 2022-12-23 20:14:17,134 | Common.java | 76 | Getting value of TextLoadWaitTime from Test Configuration file : 45
 INFO | 2022-12-23 20:14:17,136 | Common.java | 76 | Getting value of PageLoadWaitTime from Test Configuration file : 60
 INFO | 2022-12-23 20:14:17,139 | Common.java | 76 | Getting value of ImplicitlyWaitTime from Test Configuration file : 45
 INFO | 2022-12-23 20:14:17,140 | Common.java | 76 | Element time out set
 INFO | 2022-12-23 20:14:17,146 | Common.java | 76 | Getting value of GridExecution from Test Configuration file : Yes
 INFO | 2022-12-23 20:14:17,150 | Common.java | 76 | Opening Chrome Browser...
 INFO | 2022-12-23 20:14:17,153 | Common.java | 76 | Getting value of AppiumTimeOut from Test Configuration file : 600
 INFO | 2022-12-23 20:14:17,190 | Common.java | 76 | Getting value of Download directory from Test Configuration file : 
ERROR | 2022-12-23 20:14:18,018 | Common.java | 84 | Browser: Open Failure/Navigation cancelled, please check the application window. Error: org.openqa.selenium.WebDriverException: Error forwarding the new session Empty pool of VM for setup Capabilities {browserName: chrome, chromeOptions: {args: [test-type, disable-infobars], extensions: [], prefs: {download.default_directory: , download.prompt_for_download: false}}, newCommandTimeout: 600, platform: WINDOWS}
Command duration or timeout: 133 milliseconds
Build info: version: '3.5.3', revision: 'a88d25fe6b', time: '2017-08-29T12:54:15.039Z'
System info: host: 'IND-CHN-LT12568', ip: '192.168.43.180', os.name: 'Windows 10', os.arch: 'amd64', os.version: '10.0', java.version: '11.0.15'
Driver info: driver.version: RemoteWebDriver
ERROR | 2022-12-23 20:14:18,019 | Common.java | 84 | Browser: Open Failure/Navigation cancelled, please check the application window.
ERROR | 2022-12-23 20:14:18,020 | Common.java | 84 | org.openqa.selenium.WebDriverException: Error forwarding the new session Empty pool of VM for setup Capabilities {browserName: chrome, chromeOptions: {args: [test-type, disable-infobars], extensions: [], prefs: {download.default_directory: , download.prompt_for_download: false}}, newCommandTimeout: 600, platform: WINDOWS}
Command duration or timeout: 133 milliseconds
Build info: version: '3.5.3', revision: 'a88d25fe6b', time: '2017-08-29T12:54:15.039Z'
System info: host: 'IND-CHN-LT12568', ip: '192.168.43.180', os.name: 'Windows 10', os.arch: 'amd64', os.version: '10.0', java.version: '11.0.15'
Driver info: driver.version: RemoteWebDriver
 INFO | 2022-12-23 20:14:18,029 | Common.java | 76 | Getting value of Version_Name from Test Configuration file : 1
 INFO | 2022-12-23 20:14:18,031 | Common.java | 76 | Getting value of Project_Name from Test Configuration file : Hatcher Automation Execution Report
 INFO | 2022-12-23 20:14:18,108 | Common.java | 76 | Getting value of StoreResultsInCouchDB from Test Configuration file : No
 INFO | 2022-12-23 20:14:18,115 | Common.java | 76 | Getting value of Last runs results in Barchart from Test Configuration file : No
 INFO | 2022-12-23 20:14:18,117 | Common.java | 76 | Getting value of GridExecution from Test Configuration file : Yes
 INFO | 2022-12-23 20:14:18,119 | Common.java | 76 | Getting value of CssStyle from Test Configuration file : Style3
 INFO | 2022-12-23 20:14:20,140 | Common.java | 76 | Cleanup activites...
 INFO | 2022-12-23 20:14:20,141 | Common.java | 76 | Cleanup activities - Done...
 INFO | 2022-12-23 20:14:20,141 | Common.java | 76 | ###################################
 INFO | 2022-12-23 20:14:20,141 | Common.java | 76 | Script Execution Complete
 INFO | 2022-12-23 20:14:20,141 | Common.java | 76 | ###################################
