 INFO | 2022-12-21 15:56:42,998 | Common.java | 76 | Startup activites...
 INFO | 2022-12-21 15:56:43,110 | Common.java | 76 | Test Output Directory creation successful :D:\Hatcher\iSafe_Hatcher_Final_12_12_LatestNew\iSafe_Hatcher_Final_12_12_Latest/TestResults/2022_12_21_03_56_38_PM
 INFO | 2022-12-21 15:56:43,118 | Common.java | 76 | Log File creation successful : LogFile.log
 INFO | 2022-12-21 15:56:44,614 | Common.java | 76 | Getting value of GridExecution from Test Configuration file : Yes
 INFO | 2022-12-21 15:56:45,702 | Common.java | 76 | Getting value of AppURL from Test Configuration file : https://hq.hatcher-staging.com/
 INFO | 2022-12-21 15:56:45,706 | Common.java | 76 | Getting value of Tc_Settings_Excelpath from Test Configuration file : ./data/TestCaseSettings.xls
 INFO | 2022-12-21 15:56:45,818 | Common.java | 76 | Getting value of Test Suite from Test Configuration file : Batch_Suite
 INFO | 2022-12-21 15:56:45,823 | Common.java | 76 | Getting value of Test Suite from Test Configuration file : Batch_Suite
 INFO | 2022-12-21 15:56:47,294 | Common.java | 76 | Getting value of CssStyle from Test Configuration file : Style3
 INFO | 2022-12-21 15:56:47,339 | Common.java | 76 | Getting value of CssStyle from Test Configuration file : Style3
 INFO | 2022-12-21 15:57:12,677 | Common.java | 76 | Getting value of ElementLoadWaitTime from Test Configuration file : 10
 INFO | 2022-12-21 15:57:12,685 | Common.java | 76 | Getting value of TextLoadWaitTime from Test Configuration file : 45
 INFO | 2022-12-21 15:57:12,689 | Common.java | 76 | Getting value of PageLoadWaitTime from Test Configuration file : 60
 INFO | 2022-12-21 15:57:12,692 | Common.java | 76 | Getting value of ImplicitlyWaitTime from Test Configuration file : 45
 INFO | 2022-12-21 15:57:12,692 | Common.java | 76 | Element time out set
 INFO | 2022-12-21 15:57:12,701 | Common.java | 76 | Getting value of GridExecution from Test Configuration file : Yes
 INFO | 2022-12-21 15:57:12,706 | Common.java | 76 | Opening Chrome Browser...
 INFO | 2022-12-21 15:57:12,709 | Common.java | 76 | Getting value of AppiumTimeOut from Test Configuration file : 600
 INFO | 2022-12-21 15:57:12,774 | Common.java | 76 | Getting value of Download directory from Test Configuration file : 
ERROR | 2022-12-21 15:58:57,093 | Common.java | 84 | Browser: Open Failure/Navigation cancelled, please check the application window. Error: org.openqa.selenium.WebDriverException: Error forwarding the new session Error forwarding the request Failed to connect to /10.10.152.25:5557
Command duration or timeout: 103.10 seconds
Build info: version: '3.5.3', revision: 'a88d25fe6b', time: '2017-08-29T12:54:15.039Z'
System info: host: 'IND-CHN-LT12568', ip: '10.10.152.25', os.name: 'Windows 10', os.arch: 'amd64', os.version: '10.0', java.version: '11.0.15'
Driver info: driver.version: RemoteWebDriver
ERROR | 2022-12-21 15:58:57,095 | Common.java | 84 | Browser: Open Failure/Navigation cancelled, please check the application window.
ERROR | 2022-12-21 15:58:57,096 | Common.java | 84 | org.openqa.selenium.WebDriverException: Error forwarding the new session Error forwarding the request Failed to connect to /10.10.152.25:5557
Command duration or timeout: 103.10 seconds
Build info: version: '3.5.3', revision: 'a88d25fe6b', time: '2017-08-29T12:54:15.039Z'
System info: host: 'IND-CHN-LT12568', ip: '10.10.152.25', os.name: 'Windows 10', os.arch: 'amd64', os.version: '10.0', java.version: '11.0.15'
Driver info: driver.version: RemoteWebDriver
 INFO | 2022-12-21 15:58:57,110 | Common.java | 76 | Getting value of Version_Name from Test Configuration file : 1
 INFO | 2022-12-21 15:58:57,113 | Common.java | 76 | Getting value of Project_Name from Test Configuration file : Hatcher Automation Execution Report
 INFO | 2022-12-21 15:58:57,223 | Common.java | 76 | Getting value of StoreResultsInCouchDB from Test Configuration file : No
 INFO | 2022-12-21 15:58:57,241 | Common.java | 76 | Getting value of Last runs results in Barchart from Test Configuration file : No
 INFO | 2022-12-21 15:58:57,246 | Common.java | 76 | Getting value of GridExecution from Test Configuration file : Yes
 INFO | 2022-12-21 15:58:57,256 | Common.java | 76 | Getting value of CssStyle from Test Configuration file : Style3
