 INFO | 2022-12-23 00:11:14,293 | Common.java | 76 | Startup activites...
 INFO | 2022-12-23 00:11:14,296 | Common.java | 76 | Test Output Directory creation successful :D:\Hatcher\iSafe_Hatcher_Final_12_12_LatestNew\iSafe_Hatcher_Final_12_12_Latest/TestResults/2022_12_23_00_11_14_AM
 INFO | 2022-12-23 00:11:14,296 | Common.java | 76 | Log File creation successful : LogFile.log
 INFO | 2022-12-23 00:11:14,414 | Common.java | 76 | Getting value of GridExecution from Test Configuration file : Yes
 INFO | 2022-12-23 00:11:14,645 | Common.java | 76 | Getting value of AppURL from Test Configuration file : https://hq.hatcher-staging.com/
 INFO | 2022-12-23 00:11:14,649 | Common.java | 76 | Getting value of Tc_Settings_Excelpath from Test Configuration file : ./data/TestCaseSettings.xls
 INFO | 2022-12-23 00:11:14,723 | Common.java | 76 | Getting value of Test Suite from Test Configuration file : Batch_Suite
 INFO | 2022-12-23 00:11:14,723 | Common.java | 76 | Getting value of Test Suite from Test Configuration file : Batch_Suite
 INFO | 2022-12-23 00:11:14,857 | Common.java | 76 | Getting value of CssStyle from Test Configuration file : Style3
 INFO | 2022-12-23 00:11:14,864 | Common.java | 76 | Getting value of CssStyle from Test Configuration file : Style3
 INFO | 2022-12-23 00:11:15,533 | Common.java | 76 | Getting value of ElementLoadWaitTime from Test Configuration file : 10
 INFO | 2022-12-23 00:11:15,536 | Common.java | 76 | Getting value of TextLoadWaitTime from Test Configuration file : 45
 INFO | 2022-12-23 00:11:15,537 | Common.java | 76 | Getting value of PageLoadWaitTime from Test Configuration file : 60
 INFO | 2022-12-23 00:11:15,539 | Common.java | 76 | Getting value of ImplicitlyWaitTime from Test Configuration file : 45
 INFO | 2022-12-23 00:11:15,539 | Common.java | 76 | Element time out set
 INFO | 2022-12-23 00:11:15,541 | Common.java | 76 | Getting value of GridExecution from Test Configuration file : Yes
 INFO | 2022-12-23 00:11:15,544 | Common.java | 76 | Opening Chrome Browser...
 INFO | 2022-12-23 00:11:15,546 | Common.java | 76 | Getting value of AppiumTimeOut from Test Configuration file : 600
 INFO | 2022-12-23 00:11:15,579 | Common.java | 76 | Getting value of Download directory from Test Configuration file : 
ERROR | 2022-12-23 00:11:20,124 | Common.java | 84 | Browser: Open Failure/Navigation cancelled, please check the application window. Error: org.openqa.selenium.remote.UnreachableBrowserException: Could not start a new session. Possible causes are invalid address of the remote server or browser start-up failure.
Build info: version: '3.5.3', revision: 'a88d25fe6b', time: '2017-08-29T12:54:15.039Z'
System info: host: 'IND-CHN-LT12568', ip: '192.168.43.180', os.name: 'Windows 10', os.arch: 'amd64', os.version: '10.0', java.version: '11.0.15'
Driver info: driver.version: RemoteWebDriver
ERROR | 2022-12-23 00:11:20,125 | Common.java | 84 | Browser: Open Failure/Navigation cancelled, please check the application window.
ERROR | 2022-12-23 00:11:20,125 | Common.java | 84 | org.openqa.selenium.remote.UnreachableBrowserException: Could not start a new session. Possible causes are invalid address of the remote server or browser start-up failure.
Build info: version: '3.5.3', revision: 'a88d25fe6b', time: '2017-08-29T12:54:15.039Z'
System info: host: 'IND-CHN-LT12568', ip: '192.168.43.180', os.name: 'Windows 10', os.arch: 'amd64', os.version: '10.0', java.version: '11.0.15'
Driver info: driver.version: RemoteWebDriver
 INFO | 2022-12-23 00:11:20,133 | Common.java | 76 | Getting value of Version_Name from Test Configuration file : 1
 INFO | 2022-12-23 00:11:20,134 | Common.java | 76 | Getting value of Project_Name from Test Configuration file : Hatcher Automation Execution Report
 INFO | 2022-12-23 00:11:20,136 | Common.java | 76 | Getting value of Version_Name from Test Configuration file : 1
 INFO | 2022-12-23 00:11:20,138 | Common.java | 76 | Getting value of Project_Name from Test Configuration file : Hatcher Automation Execution Report
 INFO | 2022-12-23 00:11:20,180 | Common.java | 76 | Getting value of StoreResultsInCouchDB from Test Configuration file : No
 INFO | 2022-12-23 00:11:20,184 | Common.java | 76 | Getting value of Last runs results in Barchart from Test Configuration file : No
 INFO | 2022-12-23 00:11:20,186 | Common.java | 76 | Getting value of GridExecution from Test Configuration file : Yes
 INFO | 2022-12-23 00:11:20,187 | Common.java | 76 | Getting value of CssStyle from Test Configuration file : Style3
 INFO | 2022-12-23 00:11:21,613 | Common.java | 76 | Cleanup activites...
 INFO | 2022-12-23 00:11:21,613 | Common.java | 76 | Cleanup activities - Done...
 INFO | 2022-12-23 00:11:21,613 | Common.java | 76 | ###################################
 INFO | 2022-12-23 00:11:21,614 | Common.java | 76 | Script Execution Complete
 INFO | 2022-12-23 00:11:21,614 | Common.java | 76 | ###################################
