 INFO | 2022-12-21 14:43:53,928 | Common.java | 76 | Startup activites...
 INFO | 2022-12-21 14:43:53,934 | Common.java | 76 | Test Output Directory creation successful :D:\Hatcher\iSafe_Hatcher_Final_12_12_LatestNew\iSafe_Hatcher_Final_12_12_Latest/TestResults/2022_12_21_02_43_53_PM
 INFO | 2022-12-21 14:43:53,934 | Common.java | 76 | Log File creation successful : LogFile.log
 INFO | 2022-12-21 14:43:54,056 | Common.java | 76 | Getting value of GridExecution from Test Configuration file : Yes
 INFO | 2022-12-21 14:43:54,244 | Common.java | 76 | Getting value of AppURL from Test Configuration file : https://hq.hatcher-staging.com/
 INFO | 2022-12-21 14:43:54,246 | Common.java | 76 | Getting value of Tc_Settings_Excelpath from Test Configuration file : ./data/TestCaseSettings.xls
 INFO | 2022-12-21 14:43:54,279 | Common.java | 76 | Getting value of Test Suite from Test Configuration file : Batch_Suite
 INFO | 2022-12-21 14:43:54,280 | Common.java | 76 | Getting value of Test Suite from Test Configuration file : Batch_Suite
 INFO | 2022-12-21 14:43:54,371 | Common.java | 76 | Getting value of CssStyle from Test Configuration file : Style3
 INFO | 2022-12-21 14:43:54,375 | Common.java | 76 | Getting value of CssStyle from Test Configuration file : Style3
 INFO | 2022-12-21 14:43:54,907 | Common.java | 76 | Getting value of ElementLoadWaitTime from Test Configuration file : 10
 INFO | 2022-12-21 14:43:54,911 | Common.java | 76 | Getting value of TextLoadWaitTime from Test Configuration file : 45
 INFO | 2022-12-21 14:43:54,912 | Common.java | 76 | Getting value of PageLoadWaitTime from Test Configuration file : 60
 INFO | 2022-12-21 14:43:54,913 | Common.java | 76 | Getting value of ImplicitlyWaitTime from Test Configuration file : 45
 INFO | 2022-12-21 14:43:54,914 | Common.java | 76 | Element time out set
 INFO | 2022-12-21 14:43:54,916 | Common.java | 76 | Getting value of GridExecution from Test Configuration file : Yes
 INFO | 2022-12-21 14:43:54,918 | Common.java | 76 | Opening Chrome Browser...
 INFO | 2022-12-21 14:43:54,920 | Common.java | 76 | Getting value of AppiumTimeOut from Test Configuration file : 600
 INFO | 2022-12-21 14:43:54,939 | Common.java | 76 | Getting value of Download directory from Test Configuration file : 
 INFO | 2022-12-21 14:43:58,314 | Common.java | 76 | Successfully Maximised Browser Window
 INFO | 2022-12-21 14:43:58,323 | Common.java | 76 | Browser: Open Successful : chrome
 INFO | 2022-12-21 14:43:58,323 | Common.java | 76 | Open Browser : chrome
 INFO | 2022-12-21 14:43:58,326 | Common.java | 76 | Getting value of AppURL from Test Configuration file : https://hq.hatcher-staging.com/
 INFO | 2022-12-21 14:43:58,327 | Common.java | 76 | Navigating to URL : https://hq.hatcher-staging.com/
 INFO | 2022-12-21 14:44:05,517 | Common.java | 76 | Navigation Successful : https://hq.hatcher-staging.com/
 INFO | 2022-12-21 14:44:05,517 | Common.java | 76 | Navigate to : https://hq.hatcher-staging.com/
 INFO | 2022-12-21 14:44:05,538 | Common.java | 76 | Getting value of indium_logo_path from Test Configuration file : ./Logos/Indium-Software-Logo.jpg
 INFO | 2022-12-21 14:44:05,540 | Common.java | 76 | Getting value of client_logo_path from Test Configuration file : ./Logos/client_logo.jpg
 INFO | 2022-12-21 14:44:05,544 | Common.java | 76 | Getting value of indium_logo_path from Test Configuration file : ./Logos/Indium-Software-Logo.jpg
 INFO | 2022-12-21 14:44:05,546 | Common.java | 76 | Getting value of client_logo_path from Test Configuration file : ./Logos/client_logo.jpg
 INFO | 2022-12-21 14:44:05,639 | Common.java | 76 | Getting value of ElementLoadWaitTime from Test Configuration file : 10
 INFO | 2022-12-21 14:44:05,640 | Common.java | 76 | Getting value of TextLoadWaitTime from Test Configuration file : 45
 INFO | 2022-12-21 14:44:05,644 | Common.java | 76 | Getting value of PageLoadWaitTime from Test Configuration file : 60
 INFO | 2022-12-21 14:44:05,646 | Common.java | 76 | Getting value of ImplicitlyWaitTime from Test Configuration file : 45
 INFO | 2022-12-21 14:44:05,646 | Common.java | 76 | Element time out set
 INFO | 2022-12-21 14:44:05,647 | Common.java | 76 | ############# Start of Test Case[HTCHR_AC_SCR_001_TC_003] : Verify Salutation field in the Add contact page has default value as per design. #############
 INFO | 2022-12-21 14:44:05,687 | Common.java | 76 | XML file is opened
 INFO | 2022-12-21 14:44:05,688 | Common.java | 76 | Test Case tag is created
 INFO | 2022-12-21 14:44:05,697 | Common.java | 76 | XML file is saved and closed
 INFO | 2022-12-21 14:44:05,700 | Common.java | 76 | Getting value of TestDataFile from Test Configuration file : ./data/TestData.xls
 INFO | 2022-12-21 14:44:05,786 | Common.java | 76 | Getting value of TestDataFile from Test Configuration file : ./data/TestData.xls
 INFO | 2022-12-21 14:44:05,850 | Common.java | 76 | Getting value of TestDataFile from Test Configuration file : ./data/TestData.xls
 INFO | 2022-12-21 14:44:05,909 | Common.java | 76 | Getting value of TestDataFile from Test Configuration file : ./data/TestData.xls
 INFO | 2022-12-21 14:44:05,970 | Common.java | 76 | Getting value of TestDataFile from Test Configuration file : ./data/TestData.xls
 INFO | 2022-12-21 14:44:06,022 | Common.java | 76 | Getting value of TestDataFile from Test Configuration file : ./data/TestData.xls
 INFO | 2022-12-21 14:44:06,071 | Common.java | 76 | Getting value of TestDataFile from Test Configuration file : ./data/TestData.xls
 INFO | 2022-12-21 14:44:06,119 | Common.java | 76 | Getting value of TestDataFile from Test Configuration file : ./data/TestData.xls
 INFO | 2022-12-21 14:44:06,164 | Common.java | 76 | Getting value of TestDataFile from Test Configuration file : ./data/TestData.xls
 INFO | 2022-12-21 14:44:06,227 | Common.java | 76 | Getting value of TestDataFile from Test Configuration file : ./data/TestData.xls
 INFO | 2022-12-21 14:44:06,286 | Common.java | 76 | Getting value of TestDataFile from Test Configuration file : ./data/TestData.xls
 INFO | 2022-12-21 14:44:06,337 | Common.java | 76 | Getting value of TestDataFile from Test Configuration file : ./data/TestData.xls
 INFO | 2022-12-21 14:44:06,402 | Common.java | 76 | Getting value of TestDataFile from Test Configuration file : ./data/TestData.xls
 INFO | 2022-12-21 14:44:06,462 | Common.java | 76 | Getting value of AppURL from Test Configuration file : https://hq.hatcher-staging.com/
 INFO | 2022-12-21 14:44:08,064 | Common.java | 76 | Parsing Locator: Login Button#xpath=//nav[contains(@class,'navbar')]//a[contains(@href,'login')]
 INFO | 2022-12-21 14:44:08,064 | Common.java | 76 | Desktop_Chrome - Locator Description : Login Button
 INFO | 2022-12-21 14:44:08,065 | Common.java | 76 | Desktop_Chrome - Identify Type: xpath
 INFO | 2022-12-21 14:44:08,065 | Common.java | 76 | Desktop_Chrome - Locator: //nav[contains(@class,'navbar')]//a[contains(@href,'login')]
 INFO | 2022-12-21 14:44:08,169 | Common.java | 76 | Parsing Locator: Login Button#xpath=//nav[contains(@class,'navbar')]//a[contains(@href,'login')]
 INFO | 2022-12-21 14:44:08,169 | Common.java | 76 | Desktop_Chrome - Locator Description : Login Button
 INFO | 2022-12-21 14:44:08,170 | Common.java | 76 | Desktop_Chrome - Identify Type: xpath
 INFO | 2022-12-21 14:44:08,170 | Common.java | 76 | Desktop_Chrome - Locator: //nav[contains(@class,'navbar')]//a[contains(@href,'login')]
 INFO | 2022-12-21 14:44:08,197 | Common.java | 76 | Parsing Locator: Login Button#xpath=//nav[contains(@class,'navbar')]//a[contains(@href,'login')]
 INFO | 2022-12-21 14:44:08,197 | Common.java | 76 | Desktop_Chrome - Locator Description : Login Button
 INFO | 2022-12-21 14:44:08,197 | Common.java | 76 | Desktop_Chrome - Identify Type: xpath
 INFO | 2022-12-21 14:44:08,197 | Common.java | 76 | Desktop_Chrome - Locator: //nav[contains(@class,'navbar')]//a[contains(@href,'login')]
 INFO | 2022-12-21 14:44:08,255 | Common.java | 76 | Login Button is displayed
 INFO | 2022-12-21 14:44:08,263 | Common.java | 76 | XML file is opened
 INFO | 2022-12-21 14:44:08,264 | Common.java | 76 | Test step is created
 INFO | 2022-12-21 14:44:08,271 | Common.java | 76 | XML file is saved and closed
 INFO | 2022-12-21 14:44:08,490 | Common.java | 76 | Main page is lunched successfully
 INFO | 2022-12-21 14:44:08,494 | Common.java | 76 | XML file is opened
 INFO | 2022-12-21 14:44:08,495 | Common.java | 76 | Test step is created
 INFO | 2022-12-21 14:44:08,501 | Common.java | 76 | XML file is saved and closed
 INFO | 2022-12-21 14:44:08,536 | Common.java | 76 | Parsing Locator: Login Button#xpath=//nav[contains(@class,'navbar')]//a[contains(@href,'login')]
 INFO | 2022-12-21 14:44:08,536 | Common.java | 76 | Desktop_Chrome - Locator Description : Login Button
 INFO | 2022-12-21 14:44:08,536 | Common.java | 76 | Desktop_Chrome - Identify Type: xpath
 INFO | 2022-12-21 14:44:08,536 | Common.java | 76 | Desktop_Chrome - Locator: //nav[contains(@class,'navbar')]//a[contains(@href,'login')]
 INFO | 2022-12-21 14:44:11,730 | Common.java | 76 | Click on: Login Button
 INFO | 2022-12-21 14:44:11,734 | Common.java | 76 | XML file is opened
 INFO | 2022-12-21 14:44:11,735 | Common.java | 76 | Test step is created
 INFO | 2022-12-21 14:44:11,742 | Common.java | 76 | XML file is saved and closed
 INFO | 2022-12-21 14:44:11,780 | Common.java | 76 | Successfully click on Login Page
 INFO | 2022-12-21 14:44:11,783 | Common.java | 76 | XML file is opened
 INFO | 2022-12-21 14:44:11,783 | Common.java | 76 | Test step is created
 INFO | 2022-12-21 14:44:11,791 | Common.java | 76 | XML file is saved and closed
 INFO | 2022-12-21 14:44:11,818 | Common.java | 76 | Parsing Locator: Login Page Heading#xpath=//h2[contains(text(),'Welcome back')] | //span[@class='text-left']
 INFO | 2022-12-21 14:44:11,818 | Common.java | 76 | Desktop_Chrome - Locator Description : Login Page Heading
 INFO | 2022-12-21 14:44:11,818 | Common.java | 76 | Desktop_Chrome - Identify Type: xpath
 INFO | 2022-12-21 14:44:11,818 | Common.java | 76 | Desktop_Chrome - Locator: //h2[contains(text(),'Welcome back')] | //span[@class='text-left']
 INFO | 2022-12-21 14:44:11,949 | Common.java | 76 | Parsing Locator: Login Page Heading#xpath=//h2[contains(text(),'Welcome back')] | //span[@class='text-left']
 INFO | 2022-12-21 14:44:11,949 | Common.java | 76 | Desktop_Chrome - Locator Description : Login Page Heading
 INFO | 2022-12-21 14:44:11,949 | Common.java | 76 | Desktop_Chrome - Identify Type: xpath
 INFO | 2022-12-21 14:44:11,949 | Common.java | 76 | Desktop_Chrome - Locator: //h2[contains(text(),'Welcome back')] | //span[@class='text-left']
 INFO | 2022-12-21 14:44:11,976 | Common.java | 76 | Parsing Locator: Login Page Heading#xpath=//h2[contains(text(),'Welcome back')] | //span[@class='text-left']
 INFO | 2022-12-21 14:44:11,977 | Common.java | 76 | Desktop_Chrome - Locator Description : Login Page Heading
 INFO | 2022-12-21 14:44:11,977 | Common.java | 76 | Desktop_Chrome - Identify Type: xpath
 INFO | 2022-12-21 14:44:11,977 | Common.java | 76 | Desktop_Chrome - Locator: //h2[contains(text(),'Welcome back')] | //span[@class='text-left']
 INFO | 2022-12-21 14:44:12,034 | Common.java | 76 | Login Page Heading is displayed
 INFO | 2022-12-21 14:44:12,037 | Common.java | 76 | XML file is opened
 INFO | 2022-12-21 14:44:12,037 | Common.java | 76 | Test step is created
 INFO | 2022-12-21 14:44:12,043 | Common.java | 76 | XML file is saved and closed
 INFO | 2022-12-21 14:44:12,061 | Common.java | 76 | Login page is lunched successfully
 INFO | 2022-12-21 14:44:12,064 | Common.java | 76 | XML file is opened
 INFO | 2022-12-21 14:44:12,064 | Common.java | 76 | Test step is created
 INFO | 2022-12-21 14:44:12,069 | Common.java | 76 | XML file is saved and closed
 INFO | 2022-12-21 14:44:12,096 | Common.java | 76 | Parsing Locator: Email Address Textbox in Login Form#xpath=//div[contains(@class,'application-form-container')]//input[@name='email']
 INFO | 2022-12-21 14:44:12,096 | Common.java | 76 | Desktop_Chrome - Locator Description : Email Address Textbox in Login Form
 INFO | 2022-12-21 14:44:12,096 | Common.java | 76 | Desktop_Chrome - Identify Type: xpath
 INFO | 2022-12-21 14:44:12,096 | Common.java | 76 | Desktop_Chrome - Locator: //div[contains(@class,'application-form-container')]//input[@name='email']
 INFO | 2022-12-21 14:44:12,257 | Common.java | 76 | Type 'hatcher1298@gmail.com' in: Email Address Textbox in Login Form
 INFO | 2022-12-21 14:44:12,261 | Common.java | 76 | XML file is opened
 INFO | 2022-12-21 14:44:12,261 | Common.java | 76 | Test step is created
 INFO | 2022-12-21 14:44:12,268 | Common.java | 76 | XML file is saved and closed
 INFO | 2022-12-21 14:44:12,302 | Common.java | 76 | Parsing Locator: Password Textbox in Login Form#xpath=//div[contains(@class,'application-form-container')]//input[@name='password']
 INFO | 2022-12-21 14:44:12,303 | Common.java | 76 | Desktop_Chrome - Locator Description : Password Textbox in Login Form
 INFO | 2022-12-21 14:44:12,303 | Common.java | 76 | Desktop_Chrome - Identify Type: xpath
 INFO | 2022-12-21 14:44:12,303 | Common.java | 76 | Desktop_Chrome - Locator: //div[contains(@class,'application-form-container')]//input[@name='password']
 INFO | 2022-12-21 14:44:12,435 | Common.java | 76 | Type 'Indium@123' in: Password Textbox in Login Form
 INFO | 2022-12-21 14:44:12,438 | Common.java | 76 | XML file is opened
 INFO | 2022-12-21 14:44:12,438 | Common.java | 76 | Test step is created
 INFO | 2022-12-21 14:44:12,446 | Common.java | 76 | XML file is saved and closed
 INFO | 2022-12-21 14:44:12,479 | Common.java | 76 | Parsing Locator: Login Button in Login Form#xpath=//div[contains(@class,'application-form-container')]//button[contains(text(),'Log in')]
 INFO | 2022-12-21 14:44:12,479 | Common.java | 76 | Desktop_Chrome - Locator Description : Login Button in Login Form
 INFO | 2022-12-21 14:44:12,480 | Common.java | 76 | Desktop_Chrome - Identify Type: xpath
 INFO | 2022-12-21 14:44:12,480 | Common.java | 76 | Desktop_Chrome - Locator: //div[contains(@class,'application-form-container')]//button[contains(text(),'Log in')]
 INFO | 2022-12-21 14:44:12,558 | Common.java | 76 | Click on: Login Button in Login Form
 INFO | 2022-12-21 14:44:12,562 | Common.java | 76 | XML file is opened
 INFO | 2022-12-21 14:44:12,563 | Common.java | 76 | Test step is created
 INFO | 2022-12-21 14:44:12,572 | Common.java | 76 | XML file is saved and closed
 INFO | 2022-12-21 14:44:12,678 | Common.java | 76 | Parsing Locator: verify Navigate to login page#xpath=//span[text()='Welcome back!']
 INFO | 2022-12-21 14:44:12,678 | Common.java | 76 | Desktop_Chrome - Locator Description : verify Navigate to login page
 INFO | 2022-12-21 14:44:12,678 | Common.java | 76 | Desktop_Chrome - Identify Type: xpath
 INFO | 2022-12-21 14:44:12,678 | Common.java | 76 | Desktop_Chrome - Locator: //span[text()='Welcome back!']
 INFO | 2022-12-21 14:44:12,720 | Common.java | 76 | NoSuchElementException occured. Retrying..............
 INFO | 2022-12-21 14:44:13,721 | Common.java | 76 | Parsing Locator: verify Navigate to login page#xpath=//span[text()='Welcome back!']
 INFO | 2022-12-21 14:44:13,721 | Common.java | 76 | Desktop_Chrome - Locator Description : verify Navigate to login page
 INFO | 2022-12-21 14:44:13,721 | Common.java | 76 | Desktop_Chrome - Identify Type: xpath
 INFO | 2022-12-21 14:44:13,721 | Common.java | 76 | Desktop_Chrome - Locator: //span[text()='Welcome back!']
 INFO | 2022-12-21 14:44:13,738 | Common.java | 76 | NoSuchElementException occured. Retrying..............
 INFO | 2022-12-21 14:44:14,738 | Common.java | 76 | Parsing Locator: verify Navigate to login page#xpath=//span[text()='Welcome back!']
 INFO | 2022-12-21 14:44:14,738 | Common.java | 76 | Desktop_Chrome - Locator Description : verify Navigate to login page
 INFO | 2022-12-21 14:44:14,738 | Common.java | 76 | Desktop_Chrome - Identify Type: xpath
 INFO | 2022-12-21 14:44:14,738 | Common.java | 76 | Desktop_Chrome - Locator: //span[text()='Welcome back!']
 INFO | 2022-12-21 14:44:21,598 | Common.java | 76 | Parsing Locator: verify Navigate to login page#xpath=//span[text()='Welcome back!']
 INFO | 2022-12-21 14:44:21,599 | Common.java | 76 | Desktop_Chrome - Locator Description : verify Navigate to login page
 INFO | 2022-12-21 14:44:21,599 | Common.java | 76 | Desktop_Chrome - Identify Type: xpath
 INFO | 2022-12-21 14:44:21,600 | Common.java | 76 | Desktop_Chrome - Locator: //span[text()='Welcome back!']
 INFO | 2022-12-21 14:44:21,627 | Common.java | 76 | Parsing Locator: verify Navigate to login page#xpath=//span[text()='Welcome back!']
 INFO | 2022-12-21 14:44:21,628 | Common.java | 76 | Desktop_Chrome - Locator Description : verify Navigate to login page
 INFO | 2022-12-21 14:44:21,628 | Common.java | 76 | Desktop_Chrome - Identify Type: xpath
 INFO | 2022-12-21 14:44:21,628 | Common.java | 76 | Desktop_Chrome - Locator: //span[text()='Welcome back!']
 INFO | 2022-12-21 14:44:21,664 | Common.java | 76 | verify Navigate to login page is displayed
 INFO | 2022-12-21 14:44:21,667 | Common.java | 76 | XML file is opened
 INFO | 2022-12-21 14:44:21,667 | Common.java | 76 | Test step is created
 INFO | 2022-12-21 14:44:21,674 | Common.java | 76 | XML file is saved and closed
 INFO | 2022-12-21 14:44:21,687 | Common.java | 76 | Successfully logedIn 
 INFO | 2022-12-21 14:44:21,691 | Common.java | 76 | XML file is opened
 INFO | 2022-12-21 14:44:21,691 | Common.java | 76 | Test step is created
 INFO | 2022-12-21 14:44:21,698 | Common.java | 76 | XML file is saved and closed
 INFO | 2022-12-21 14:44:21,720 | Common.java | 76 | Parsing Locator: Actions#xpath=//span[contains(text(),'Actions')]//ancestor::a[@class='dropdown-anchor']
 INFO | 2022-12-21 14:44:21,720 | Common.java | 76 | Desktop_Chrome - Locator Description : Actions
 INFO | 2022-12-21 14:44:21,720 | Common.java | 76 | Desktop_Chrome - Identify Type: xpath
 INFO | 2022-12-21 14:44:21,720 | Common.java | 76 | Desktop_Chrome - Locator: //span[contains(text(),'Actions')]//ancestor::a[@class='dropdown-anchor']
 INFO | 2022-12-21 14:44:21,774 | Common.java | 76 | Parsing Locator: Actions#xpath=//span[contains(text(),'Actions')]//ancestor::a[@class='dropdown-anchor']
 INFO | 2022-12-21 14:44:21,774 | Common.java | 76 | Desktop_Chrome - Locator Description : Actions
 INFO | 2022-12-21 14:44:21,774 | Common.java | 76 | Desktop_Chrome - Identify Type: xpath
 INFO | 2022-12-21 14:44:21,774 | Common.java | 76 | Desktop_Chrome - Locator: //span[contains(text(),'Actions')]//ancestor::a[@class='dropdown-anchor']
 INFO | 2022-12-21 14:44:21,795 | Common.java | 76 | Parsing Locator: Actions#xpath=//span[contains(text(),'Actions')]//ancestor::a[@class='dropdown-anchor']
 INFO | 2022-12-21 14:44:21,796 | Common.java | 76 | Desktop_Chrome - Locator Description : Actions
 INFO | 2022-12-21 14:44:21,796 | Common.java | 76 | Desktop_Chrome - Identify Type: xpath
 INFO | 2022-12-21 14:44:21,796 | Common.java | 76 | Desktop_Chrome - Locator: //span[contains(text(),'Actions')]//ancestor::a[@class='dropdown-anchor']
 INFO | 2022-12-21 14:44:21,831 | Common.java | 76 | Actions is displayed
 INFO | 2022-12-21 14:44:21,833 | Common.java | 76 | XML file is opened
 INFO | 2022-12-21 14:44:21,833 | Common.java | 76 | Test step is created
 INFO | 2022-12-21 14:44:21,840 | Common.java | 76 | XML file is saved and closed
 INFO | 2022-12-21 14:44:21,855 | Common.java | 76 | Displayed the MenuButton button
 INFO | 2022-12-21 14:44:21,860 | Common.java | 76 | XML file is opened
 INFO | 2022-12-21 14:44:21,860 | Common.java | 76 | Test step is created
 INFO | 2022-12-21 14:44:21,868 | Common.java | 76 | XML file is saved and closed
 INFO | 2022-12-21 14:44:21,893 | Common.java | 76 | Parsing Locator: Actions#xpath=//span[contains(text(),'Actions')]//ancestor::a[@class='dropdown-anchor']
 INFO | 2022-12-21 14:44:21,893 | Common.java | 76 | Desktop_Chrome - Locator Description : Actions
 INFO | 2022-12-21 14:44:21,893 | Common.java | 76 | Desktop_Chrome - Identify Type: xpath
 INFO | 2022-12-21 14:44:21,893 | Common.java | 76 | Desktop_Chrome - Locator: //span[contains(text(),'Actions')]//ancestor::a[@class='dropdown-anchor']
 INFO | 2022-12-21 14:44:21,954 | Common.java | 76 | Click on: Actions
 INFO | 2022-12-21 14:44:21,959 | Common.java | 76 | XML file is opened
 INFO | 2022-12-21 14:44:21,959 | Common.java | 76 | Test step is created
 INFO | 2022-12-21 14:44:21,966 | Common.java | 76 | XML file is saved and closed
 INFO | 2022-12-21 14:44:21,992 | Common.java | 76 | Successfully click on Action Button
 INFO | 2022-12-21 14:44:22,013 | Common.java | 76 | XML file is opened
 INFO | 2022-12-21 14:44:22,013 | Common.java | 76 | Test step is created
 INFO | 2022-12-21 14:44:22,020 | Common.java | 76 | XML file is saved and closed
 INFO | 2022-12-21 14:44:22,043 | Common.java | 76 | Parsing Locator: Add New Listing#xpath=//ul//li//a[contains(text(),'Add New Listing')]
 INFO | 2022-12-21 14:44:22,043 | Common.java | 76 | Desktop_Chrome - Locator Description : Add New Listing
 INFO | 2022-12-21 14:44:22,043 | Common.java | 76 | Desktop_Chrome - Identify Type: xpath
 INFO | 2022-12-21 14:44:22,044 | Common.java | 76 | Desktop_Chrome - Locator: //ul//li//a[contains(text(),'Add New Listing')]
 INFO | 2022-12-21 14:44:22,094 | Common.java | 76 | Parsing Locator: Add New Listing#xpath=//ul//li//a[contains(text(),'Add New Listing')]
 INFO | 2022-12-21 14:44:22,094 | Common.java | 76 | Desktop_Chrome - Locator Description : Add New Listing
 INFO | 2022-12-21 14:44:22,094 | Common.java | 76 | Desktop_Chrome - Identify Type: xpath
 INFO | 2022-12-21 14:44:22,094 | Common.java | 76 | Desktop_Chrome - Locator: //ul//li//a[contains(text(),'Add New Listing')]
 INFO | 2022-12-21 14:44:22,114 | Common.java | 76 | Parsing Locator: Add New Listing#xpath=//ul//li//a[contains(text(),'Add New Listing')]
 INFO | 2022-12-21 14:44:22,114 | Common.java | 76 | Desktop_Chrome - Locator Description : Add New Listing
 INFO | 2022-12-21 14:44:22,114 | Common.java | 76 | Desktop_Chrome - Identify Type: xpath
 INFO | 2022-12-21 14:44:22,114 | Common.java | 76 | Desktop_Chrome - Locator: //ul//li//a[contains(text(),'Add New Listing')]
 INFO | 2022-12-21 14:44:22,154 | Common.java | 76 | Add New Listing is displayed
 INFO | 2022-12-21 14:44:22,157 | Common.java | 76 | XML file is opened
 INFO | 2022-12-21 14:44:22,157 | Common.java | 76 | Test step is created
 INFO | 2022-12-21 14:44:22,163 | Common.java | 76 | XML file is saved and closed
 INFO | 2022-12-21 14:44:22,181 | Common.java | 76 | Displayed the Add New Listing item
 INFO | 2022-12-21 14:44:22,184 | Common.java | 76 | XML file is opened
 INFO | 2022-12-21 14:44:22,184 | Common.java | 76 | Test step is created
 INFO | 2022-12-21 14:44:22,193 | Common.java | 76 | XML file is saved and closed
 INFO | 2022-12-21 14:44:22,216 | Common.java | 76 | Parsing Locator: Add New Listing#xpath=//ul//li//a[contains(text(),'Add New Listing')]
 INFO | 2022-12-21 14:44:22,216 | Common.java | 76 | Desktop_Chrome - Locator Description : Add New Listing
 INFO | 2022-12-21 14:44:22,216 | Common.java | 76 | Desktop_Chrome - Identify Type: xpath
 INFO | 2022-12-21 14:44:22,216 | Common.java | 76 | Desktop_Chrome - Locator: //ul//li//a[contains(text(),'Add New Listing')]
 INFO | 2022-12-21 14:44:22,277 | Common.java | 76 | Click on: Add New Listing
 INFO | 2022-12-21 14:44:22,281 | Common.java | 76 | XML file is opened
 INFO | 2022-12-21 14:44:22,281 | Common.java | 76 | Test step is created
 INFO | 2022-12-21 14:44:22,288 | Common.java | 76 | XML file is saved and closed
 INFO | 2022-12-21 14:44:22,316 | Common.java | 76 | Successfully click on Add New Listing item
 INFO | 2022-12-21 14:44:22,319 | Common.java | 76 | XML file is opened
 INFO | 2022-12-21 14:44:22,320 | Common.java | 76 | Test step is created
 INFO | 2022-12-21 14:44:22,328 | Common.java | 76 | XML file is saved and closed
 INFO | 2022-12-21 14:44:22,342 | Common.java | 76 | Waiting for 1 seconds...
 INFO | 2022-12-21 14:44:23,342 | Common.java | 76 | Parsing Locator: //label[text()='Salutation']//following::select//option[normalize-space(text())='Mr']
 INFO | 2022-12-21 14:44:23,343 | Common.java | 76 | Desktop_Chrome - Locator Description : 
 INFO | 2022-12-21 14:44:23,343 | Common.java | 76 | Desktop_Chrome - Identify Type: //label[text()
 INFO | 2022-12-21 14:44:23,343 | Common.java | 76 | Desktop_Chrome - Locator: 'Salutation']//following::select//option[normalize-space(text())='Mr']
ERROR | 2022-12-21 14:44:23,566 | Common.java | 84 | Exception in the method getElementAndClickjava.lang.IllegalArgumentException: No enum constant automationFramework.GenericKeywords.identifierType.//label[text()
 INFO | 2022-12-21 14:44:23,569 | Common.java | 76 | XML file is opened
 INFO | 2022-12-21 14:44:23,569 | Common.java | 76 | Test step is created
 INFO | 2022-12-21 14:44:23,578 | Common.java | 76 | XML file is saved and closed
 INFO | 2022-12-21 14:44:23,589 | Common.java | 76 | Getting value of ExecuteRemainingStepsOnFailure(Yes/No) from Test Configuration file : Yes
 INFO | 2022-12-21 14:44:23,591 | Common.java | 76 | Getting value of OverideTimeoutOnFailure from Test Configuration file : 3
 INFO | 2022-12-21 14:44:23,592 | Common.java | 76 | Getting value of OverideTimeoutOnFailure from Test Configuration file : 3
 INFO | 2022-12-21 14:44:23,594 | Common.java | 76 | Getting value of OverideTimeoutOnFailure from Test Configuration file : 3
 INFO | 2022-12-21 14:44:23,595 | Common.java | 76 | Getting value of OverideTimeoutOnFailure from Test Configuration file : 3
 INFO | 2022-12-21 14:44:23,596 | Common.java | 76 | Getting value of MaxNoOfFailurePerTestCase from Test Configuration file : 3
 INFO | 2022-12-21 14:44:23,603 | Common.java | 76 | Parsing Locator: Verify Salutation#xpath=//div[@class='form-group col-md-6 col-lg-3']//label[contains(text(),'Salutation')]
 INFO | 2022-12-21 14:44:23,603 | Common.java | 76 | Desktop_Chrome - Locator Description : Verify Salutation
 INFO | 2022-12-21 14:44:23,603 | Common.java | 76 | Desktop_Chrome - Identify Type: xpath
 INFO | 2022-12-21 14:44:23,603 | Common.java | 76 | Desktop_Chrome - Locator: //div[@class='form-group col-md-6 col-lg-3']//label[contains(text(),'Salutation')]
 INFO | 2022-12-21 14:44:23,663 | Common.java | 76 | Parsing Locator: Verify Salutation#xpath=//div[@class='form-group col-md-6 col-lg-3']//label[contains(text(),'Salutation')]
 INFO | 2022-12-21 14:44:23,663 | Common.java | 76 | Desktop_Chrome - Locator Description : Verify Salutation
 INFO | 2022-12-21 14:44:23,663 | Common.java | 76 | Desktop_Chrome - Identify Type: xpath
 INFO | 2022-12-21 14:44:23,663 | Common.java | 76 | Desktop_Chrome - Locator: //div[@class='form-group col-md-6 col-lg-3']//label[contains(text(),'Salutation')]
 INFO | 2022-12-21 14:44:23,687 | Common.java | 76 | Parsing Locator: Verify Salutation#xpath=//div[@class='form-group col-md-6 col-lg-3']//label[contains(text(),'Salutation')]
 INFO | 2022-12-21 14:44:23,688 | Common.java | 76 | Desktop_Chrome - Locator Description : Verify Salutation
 INFO | 2022-12-21 14:44:23,688 | Common.java | 76 | Desktop_Chrome - Identify Type: xpath
 INFO | 2022-12-21 14:44:23,688 | Common.java | 76 | Desktop_Chrome - Locator: //div[@class='form-group col-md-6 col-lg-3']//label[contains(text(),'Salutation')]
 INFO | 2022-12-21 14:44:23,733 | Common.java | 76 | Verify Salutation is displayed
 INFO | 2022-12-21 14:44:23,736 | Common.java | 76 | XML file is opened
 INFO | 2022-12-21 14:44:23,736 | Common.java | 76 | Test step is created
 INFO | 2022-12-21 14:44:23,745 | Common.java | 76 | XML file is saved and closed
 INFO | 2022-12-21 14:44:23,772 | Common.java | 76 | Parsing Locator: typeIn Salutation#xpath=//div[@class='form-group col-md-6 col-lg-3']//select[@class='form-control']
 INFO | 2022-12-21 14:44:23,772 | Common.java | 76 | Desktop_Chrome - Locator Description : typeIn Salutation
 INFO | 2022-12-21 14:44:23,772 | Common.java | 76 | Desktop_Chrome - Identify Type: xpath
 INFO | 2022-12-21 14:44:23,772 | Common.java | 76 | Desktop_Chrome - Locator: //div[@class='form-group col-md-6 col-lg-3']//select[@class='form-control']
 INFO | 2022-12-21 14:44:23,802 | Common.java | 76 | Parsing Locator: typeIn Salutation#xpath=//div[@class='form-group col-md-6 col-lg-3']//select[@class='form-control']
 INFO | 2022-12-21 14:44:23,802 | Common.java | 76 | Desktop_Chrome - Locator Description : typeIn Salutation
 INFO | 2022-12-21 14:44:23,802 | Common.java | 76 | Desktop_Chrome - Identify Type: xpath
 INFO | 2022-12-21 14:44:23,802 | Common.java | 76 | Desktop_Chrome - Locator: //div[@class='form-group col-md-6 col-lg-3']//select[@class='form-control']
 INFO | 2022-12-21 14:44:23,844 | Common.java | 76 | typeIn Salutation is displayed
 INFO | 2022-12-21 14:44:23,846 | Common.java | 76 | XML file is opened
 INFO | 2022-12-21 14:44:23,847 | Common.java | 76 | Test step is created
 INFO | 2022-12-21 14:44:23,853 | Common.java | 76 | XML file is saved and closed
 INFO | 2022-12-21 14:44:23,864 | Common.java | 76 | Displayed the Salutation label
 INFO | 2022-12-21 14:44:23,866 | Common.java | 76 | XML file is opened
 INFO | 2022-12-21 14:44:23,867 | Common.java | 76 | Test step is created
 INFO | 2022-12-21 14:44:23,872 | Common.java | 76 | XML file is saved and closed
 INFO | 2022-12-21 14:44:23,892 | Common.java | 76 | Parsing Locator: verify FirstName label is present#xpath=//label[text()='First Name']
 INFO | 2022-12-21 14:44:23,892 | Common.java | 76 | Desktop_Chrome - Locator Description : verify FirstName label is present
 INFO | 2022-12-21 14:44:23,892 | Common.java | 76 | Desktop_Chrome - Identify Type: xpath
 INFO | 2022-12-21 14:44:23,893 | Common.java | 76 | Desktop_Chrome - Locator: //label[text()='First Name']
 INFO | 2022-12-21 14:44:23,918 | Common.java | 76 | Parsing Locator: verify FirstName label is present#xpath=//label[text()='First Name']
 INFO | 2022-12-21 14:44:23,919 | Common.java | 76 | Desktop_Chrome - Locator Description : verify FirstName label is present
 INFO | 2022-12-21 14:44:23,919 | Common.java | 76 | Desktop_Chrome - Identify Type: xpath
 INFO | 2022-12-21 14:44:23,919 | Common.java | 76 | Desktop_Chrome - Locator: //label[text()='First Name']
 INFO | 2022-12-21 14:44:23,959 | Common.java | 76 | verify FirstName label is present is displayed
 INFO | 2022-12-21 14:44:23,961 | Common.java | 76 | XML file is opened
 INFO | 2022-12-21 14:44:23,961 | Common.java | 76 | Test step is created
 INFO | 2022-12-21 14:44:23,967 | Common.java | 76 | XML file is saved and closed
 INFO | 2022-12-21 14:44:23,978 | Common.java | 76 | Displayed the FirstName label
 INFO | 2022-12-21 14:44:23,982 | Common.java | 76 | XML file is opened
 INFO | 2022-12-21 14:44:23,982 | Common.java | 76 | Test step is created
 INFO | 2022-12-21 14:44:23,989 | Common.java | 76 | XML file is saved and closed
 INFO | 2022-12-21 14:44:24,011 | Common.java | 76 | Parsing Locator: TypeIn firstName#xpath=//div[@class='form-group col-md-6 col-lg-3']//input[@name='first_name']
 INFO | 2022-12-21 14:44:24,012 | Common.java | 76 | Desktop_Chrome - Locator Description : TypeIn firstName
 INFO | 2022-12-21 14:44:24,012 | Common.java | 76 | Desktop_Chrome - Identify Type: xpath
 INFO | 2022-12-21 14:44:24,012 | Common.java | 76 | Desktop_Chrome - Locator: //div[@class='form-group col-md-6 col-lg-3']//input[@name='first_name']
 INFO | 2022-12-21 14:44:24,239 | Common.java | 76 | Type 'Indium' in: TypeIn firstName
 INFO | 2022-12-21 14:44:24,242 | Common.java | 76 | XML file is opened
 INFO | 2022-12-21 14:44:24,242 | Common.java | 76 | Test step is created
 INFO | 2022-12-21 14:44:24,249 | Common.java | 76 | XML file is saved and closed
 INFO | 2022-12-21 14:44:24,277 | Common.java | 76 | Successfully enter the FirstName field
 INFO | 2022-12-21 14:44:24,280 | Common.java | 76 | XML file is opened
 INFO | 2022-12-21 14:44:24,281 | Common.java | 76 | Test step is created
 INFO | 2022-12-21 14:44:24,287 | Common.java | 76 | XML file is saved and closed
 INFO | 2022-12-21 14:44:24,301 | Common.java | 76 | Parsing Locator: count the character#xpath=//div[@class='form-group col-md-6 col-lg-3']//input[@name='TextField']
 INFO | 2022-12-21 14:44:24,301 | Common.java | 76 | Desktop_Chrome - Locator Description : count the character
 INFO | 2022-12-21 14:44:24,301 | Common.java | 76 | Desktop_Chrome - Identify Type: xpath
 INFO | 2022-12-21 14:44:24,301 | Common.java | 76 | Desktop_Chrome - Locator: //div[@class='form-group col-md-6 col-lg-3']//input[@name='TextField']
ERROR | 2022-12-21 14:44:27,509 | Common.java | 84 | Exception in countOFCharacterorg.openqa.selenium.NoSuchElementException: no such element: Unable to locate element: {"method":"xpath","selector":"//div[@class='form-group col-md-6 col-lg-3']//input[@name='TextField']"}
  (Session info: chrome=108.0.5359.125)
For documentation on this error, please visit: http://seleniumhq.org/exceptions/no_such_element.html
Build info: version: '3.5.3', revision: 'a88d25fe6b', time: '2017-08-29T12:54:15.039Z'
System info: host: 'IND-CHN-LT12568', ip: '10.10.152.25', os.name: 'Windows 10', os.arch: 'amd64', os.version: '10.0', java.version: '11.0.15'
Driver info: org.openqa.selenium.remote.RemoteWebDriver
Capabilities [{networkConnectionEnabled=false, chrome={chromedriverVersion=108.0.5359.71 (1e0e3868ee06e91ad636a874420e3ca3ae3756ac-refs/branch-heads/5359@{#1016}), userDataDir=C:\Users\I5454\AppData\Local\Temp\scoped_dir18748_199358419}, timeouts={implicit=0, pageLoad=300000, script=30000}, pageLoadStrategy=normal, unhandledPromptBehavior=dismiss and notify, strictFileInteractability=false, platform=XP, proxy=Proxy(), goog:chromeOptions={debuggerAddress=localhost:49619}, webauthn:extension:credBlob=true, acceptInsecureCerts=false, browserVersion=108.0.5359.125, browserName=chrome, javascriptEnabled=true, platformName=XP, setWindowRect=true, webauthn:extension:largeBlob=true, webauthn:virtualAuthenticators=true}]
Session ID: 5fbdaad20a26197572ea44fda5ac1ea1
*** Element info: {Using=xpath, value=//div[@class='form-group col-md-6 col-lg-3']//input[@name='TextField']}
 INFO | 2022-12-21 14:44:27,512 | Common.java | 76 | XML file is opened
 INFO | 2022-12-21 14:44:27,512 | Common.java | 76 | Test step is created
 INFO | 2022-12-21 14:44:27,521 | Common.java | 76 | XML file is saved and closed
 INFO | 2022-12-21 14:44:27,536 | Common.java | 76 | Getting value of ExecuteRemainingStepsOnFailure(Yes/No) from Test Configuration file : Yes
 INFO | 2022-12-21 14:44:27,537 | Common.java | 76 | Getting value of OverideTimeoutOnFailure from Test Configuration file : 3
 INFO | 2022-12-21 14:44:27,539 | Common.java | 76 | Getting value of OverideTimeoutOnFailure from Test Configuration file : 3
 INFO | 2022-12-21 14:44:27,540 | Common.java | 76 | Getting value of OverideTimeoutOnFailure from Test Configuration file : 3
 INFO | 2022-12-21 14:44:27,542 | Common.java | 76 | Getting value of OverideTimeoutOnFailure from Test Configuration file : 3
 INFO | 2022-12-21 14:44:27,543 | Common.java | 76 | Getting value of MaxNoOfFailurePerTestCase from Test Configuration file : 3
 INFO | 2022-12-21 14:44:27,553 | Common.java | 76 | Parsing Locator: verify LastName label is present#xpath=//label[text()='Last Name']
 INFO | 2022-12-21 14:44:27,553 | Common.java | 76 | Desktop_Chrome - Locator Description : verify LastName label is present
 INFO | 2022-12-21 14:44:27,553 | Common.java | 76 | Desktop_Chrome - Identify Type: xpath
 INFO | 2022-12-21 14:44:27,553 | Common.java | 76 | Desktop_Chrome - Locator: //label[text()='Last Name']
 INFO | 2022-12-21 14:44:27,586 | Common.java | 76 | Parsing Locator: verify LastName label is present#xpath=//label[text()='Last Name']
 INFO | 2022-12-21 14:44:27,586 | Common.java | 76 | Desktop_Chrome - Locator Description : verify LastName label is present
 INFO | 2022-12-21 14:44:27,586 | Common.java | 76 | Desktop_Chrome - Identify Type: xpath
 INFO | 2022-12-21 14:44:27,586 | Common.java | 76 | Desktop_Chrome - Locator: //label[text()='Last Name']
 INFO | 2022-12-21 14:44:27,627 | Common.java | 76 | verify LastName label is present is displayed
 INFO | 2022-12-21 14:44:27,631 | Common.java | 76 | XML file is opened
 INFO | 2022-12-21 14:44:27,631 | Common.java | 76 | Test step is created
 INFO | 2022-12-21 14:44:27,642 | Common.java | 76 | XML file is saved and closed
 INFO | 2022-12-21 14:44:27,654 | Common.java | 76 | Displayed the LastName label
 INFO | 2022-12-21 14:44:27,658 | Common.java | 76 | XML file is opened
 INFO | 2022-12-21 14:44:27,658 | Common.java | 76 | Test step is created
 INFO | 2022-12-21 14:44:27,667 | Common.java | 76 | XML file is saved and closed
 INFO | 2022-12-21 14:44:27,689 | Common.java | 76 | Parsing Locator: TypeIn LastName#xpath=//div[@class='form-group col-md-6 col-lg-3']//input[@name='last_name']
 INFO | 2022-12-21 14:44:27,689 | Common.java | 76 | Desktop_Chrome - Locator Description : TypeIn LastName
 INFO | 2022-12-21 14:44:27,689 | Common.java | 76 | Desktop_Chrome - Identify Type: xpath
 INFO | 2022-12-21 14:44:27,690 | Common.java | 76 | Desktop_Chrome - Locator: //div[@class='form-group col-md-6 col-lg-3']//input[@name='last_name']
 INFO | 2022-12-21 14:44:27,934 | Common.java | 76 | Type 'Sample' in: TypeIn LastName
 INFO | 2022-12-21 14:44:27,937 | Common.java | 76 | XML file is opened
 INFO | 2022-12-21 14:44:27,937 | Common.java | 76 | Test step is created
 INFO | 2022-12-21 14:44:27,945 | Common.java | 76 | XML file is saved and closed
 INFO | 2022-12-21 14:44:27,965 | Common.java | 76 | Successfully Enter the LastName field
 INFO | 2022-12-21 14:44:27,967 | Common.java | 76 | XML file is opened
 INFO | 2022-12-21 14:44:27,968 | Common.java | 76 | Test step is created
 INFO | 2022-12-21 14:44:27,977 | Common.java | 76 | XML file is saved and closed
 INFO | 2022-12-21 14:44:27,996 | Common.java | 76 | Parsing Locator: count the character#xpath=//div[@class='form-group col-md-6 col-lg-3']//input[@name='TextField']
 INFO | 2022-12-21 14:44:27,996 | Common.java | 76 | Desktop_Chrome - Locator Description : count the character
 INFO | 2022-12-21 14:44:27,996 | Common.java | 76 | Desktop_Chrome - Identify Type: xpath
 INFO | 2022-12-21 14:44:27,996 | Common.java | 76 | Desktop_Chrome - Locator: //div[@class='form-group col-md-6 col-lg-3']//input[@name='TextField']
ERROR | 2022-12-21 14:44:31,240 | Common.java | 84 | Exception in countOFCharacterorg.openqa.selenium.NoSuchElementException: no such element: Unable to locate element: {"method":"xpath","selector":"//div[@class='form-group col-md-6 col-lg-3']//input[@name='TextField']"}
  (Session info: chrome=108.0.5359.125)
For documentation on this error, please visit: http://seleniumhq.org/exceptions/no_such_element.html
Build info: version: '3.5.3', revision: 'a88d25fe6b', time: '2017-08-29T12:54:15.039Z'
System info: host: 'IND-CHN-LT12568', ip: '10.10.152.25', os.name: 'Windows 10', os.arch: 'amd64', os.version: '10.0', java.version: '11.0.15'
Driver info: org.openqa.selenium.remote.RemoteWebDriver
Capabilities [{networkConnectionEnabled=false, chrome={chromedriverVersion=108.0.5359.71 (1e0e3868ee06e91ad636a874420e3ca3ae3756ac-refs/branch-heads/5359@{#1016}), userDataDir=C:\Users\I5454\AppData\Local\Temp\scoped_dir18748_199358419}, timeouts={implicit=0, pageLoad=300000, script=30000}, pageLoadStrategy=normal, unhandledPromptBehavior=dismiss and notify, strictFileInteractability=false, platform=XP, proxy=Proxy(), goog:chromeOptions={debuggerAddress=localhost:49619}, webauthn:extension:credBlob=true, acceptInsecureCerts=false, browserVersion=108.0.5359.125, browserName=chrome, javascriptEnabled=true, platformName=XP, setWindowRect=true, webauthn:extension:largeBlob=true, webauthn:virtualAuthenticators=true}]
Session ID: 5fbdaad20a26197572ea44fda5ac1ea1
*** Element info: {Using=xpath, value=//div[@class='form-group col-md-6 col-lg-3']//input[@name='TextField']}
 INFO | 2022-12-21 14:44:31,242 | Common.java | 76 | XML file is opened
 INFO | 2022-12-21 14:44:31,242 | Common.java | 76 | Test step is created
 INFO | 2022-12-21 14:44:31,250 | Common.java | 76 | XML file is saved and closed
 INFO | 2022-12-21 14:44:31,262 | Common.java | 76 | Getting value of ExecuteRemainingStepsOnFailure(Yes/No) from Test Configuration file : Yes
 INFO | 2022-12-21 14:44:31,263 | Common.java | 76 | Getting value of OverideTimeoutOnFailure from Test Configuration file : 3
 INFO | 2022-12-21 14:44:31,264 | Common.java | 76 | Getting value of OverideTimeoutOnFailure from Test Configuration file : 3
 INFO | 2022-12-21 14:44:31,265 | Common.java | 76 | Getting value of OverideTimeoutOnFailure from Test Configuration file : 3
 INFO | 2022-12-21 14:44:31,266 | Common.java | 76 | Getting value of OverideTimeoutOnFailure from Test Configuration file : 3
 INFO | 2022-12-21 14:44:31,266 | Common.java | 76 | Getting value of MaxNoOfFailurePerTestCase from Test Configuration file : 3
 INFO | 2022-12-21 14:44:31,270 | Common.java | 76 | Getting value of Version_Name from Test Configuration file : 1
 INFO | 2022-12-21 14:44:31,272 | Common.java | 76 | Getting value of Project_Name from Test Configuration file : Hatcher Automation Execution Report
 INFO | 2022-12-21 14:44:31,275 | Common.java | 76 | Getting value of CssStyle from Test Configuration file : Style3
 INFO | 2022-12-21 14:44:31,283 | Common.java | 76 | Getting value of CssStyle from Test Configuration file : Style3
 INFO | 2022-12-21 14:44:31,292 | Common.java | 76 | Getting value of Last runs results in Barchart from Test Configuration file : No
 INFO | 2022-12-21 14:44:31,293 | Common.java | 76 | Getting value of GridExecution from Test Configuration file : Yes
 INFO | 2022-12-21 14:44:31,294 | Common.java | 76 | Getting value of CssStyle from Test Configuration file : Style3
 INFO | 2022-12-21 14:44:31,441 | Common.java | 76 | Getting value of StoreResultsInCouchDB from Test Configuration file : No
 INFO | 2022-12-21 14:44:31,451 | Common.java | 76 | Getting value of Last runs results in Barchart from Test Configuration file : No
 INFO | 2022-12-21 14:44:31,453 | Common.java | 76 | Getting value of GridExecution from Test Configuration file : Yes
 INFO | 2022-12-21 14:44:31,455 | Common.java | 76 | Getting value of CssStyle from Test Configuration file : Style3
 INFO | 2022-12-21 14:44:31,920 | Common.java | 76 | Cleanup activites...
 INFO | 2022-12-21 14:44:31,921 | Common.java | 76 | Cleanup activities - Done...
 INFO | 2022-12-21 14:44:31,921 | Common.java | 76 | ###################################
 INFO | 2022-12-21 14:44:31,921 | Common.java | 76 | Script Execution Complete
 INFO | 2022-12-21 14:44:31,921 | Common.java | 76 | ###################################
