 INFO | 2022-12-07 13:27:03,234 | Common.java | 76 | Startup activites...
 INFO | 2022-12-07 13:27:03,241 | Common.java | 76 | Test Output Directory creation successful :D:\Hatcher_Nijan_11_12\iSafe_Hatcher_Final/TestResults/2022_12_07_01_27_02_PM
 INFO | 2022-12-07 13:27:03,241 | Common.java | 76 | Log File creation successful : LogFile.log
 INFO | 2022-12-07 13:27:03,570 | Common.java | 76 | Getting value of GridExecution from Test Configuration file : Yes
 INFO | 2022-12-07 13:27:03,949 | Common.java | 76 | Getting value of AppURL from Test Configuration file : https://hq.hatcher-staging.com/
 INFO | 2022-12-07 13:27:03,958 | Common.java | 76 | Getting value of Tc_Settings_Excelpath from Test Configuration file : ./data/TestCaseSettings.xls
 INFO | 2022-12-07 13:27:04,040 | Common.java | 76 | Getting value of Test Suite from Test Configuration file : Batch_Suite
 INFO | 2022-12-07 13:27:04,042 | Common.java | 76 | Getting value of Test Suite from Test Configuration file : Batch_Suite
 INFO | 2022-12-07 13:27:04,445 | Common.java | 76 | Getting value of CssStyle from Test Configuration file : Style3
 INFO | 2022-12-07 13:27:04,457 | Common.java | 76 | Getting value of CssStyle from Test Configuration file : Style3
 INFO | 2022-12-07 13:27:05,732 | Common.java | 76 | Getting value of ElementLoadWaitTime from Test Configuration file : 10
 INFO | 2022-12-07 13:27:05,738 | Common.java | 76 | Getting value of TextLoadWaitTime from Test Configuration file : 45
 INFO | 2022-12-07 13:27:05,740 | Common.java | 76 | Getting value of PageLoadWaitTime from Test Configuration file : 60
 INFO | 2022-12-07 13:27:05,742 | Common.java | 76 | Getting value of ImplicitlyWaitTime from Test Configuration file : 45
 INFO | 2022-12-07 13:27:05,742 | Common.java | 76 | Element time out set
 INFO | 2022-12-07 13:27:05,752 | Common.java | 76 | Getting value of GridExecution from Test Configuration file : Yes
 INFO | 2022-12-07 13:27:05,754 | Common.java | 76 | Opening Chrome Browser...
 INFO | 2022-12-07 13:27:05,757 | Common.java | 76 | Getting value of AppiumTimeOut from Test Configuration file : 600
 INFO | 2022-12-07 13:27:05,851 | Common.java | 76 | Getting value of Download directory from Test Configuration file : 
ERROR | 2022-12-07 13:27:11,334 | Common.java | 84 | Browser: Open Failure/Navigation cancelled, please check the application window. Error: org.openqa.selenium.remote.UnreachableBrowserException: Could not start a new session. Possible causes are invalid address of the remote server or browser start-up failure.
Build info: version: '3.5.3', revision: 'a88d25fe6b', time: '2017-08-29T12:54:15.039Z'
System info: host: 'IND-CHN-LT10348', ip: '192.168.0.104', os.name: 'Windows 10', os.arch: 'amd64', os.version: '10.0', java.version: '11.0.15'
Driver info: driver.version: RemoteWebDriver
ERROR | 2022-12-07 13:27:11,335 | Common.java | 84 | Browser: Open Failure/Navigation cancelled, please check the application window.
ERROR | 2022-12-07 13:27:11,336 | Common.java | 84 | org.openqa.selenium.remote.UnreachableBrowserException: Could not start a new session. Possible causes are invalid address of the remote server or browser start-up failure.
Build info: version: '3.5.3', revision: 'a88d25fe6b', time: '2017-08-29T12:54:15.039Z'
System info: host: 'IND-CHN-LT10348', ip: '192.168.0.104', os.name: 'Windows 10', os.arch: 'amd64', os.version: '10.0', java.version: '11.0.15'
Driver info: driver.version: RemoteWebDriver
 INFO | 2022-12-07 13:27:11,349 | Common.java | 76 | Getting value of Version_Name from Test Configuration file : 1
 INFO | 2022-12-07 13:27:11,354 | Common.java | 76 | Getting value of Project_Name from Test Configuration file : Hatcher Automation Execution Report
 INFO | 2022-12-07 13:27:11,416 | Common.java | 76 | Getting value of StoreResultsInCouchDB from Test Configuration file : No
 INFO | 2022-12-07 13:27:11,425 | Common.java | 76 | Getting value of Last runs results in Barchart from Test Configuration file : No
 INFO | 2022-12-07 13:27:11,427 | Common.java | 76 | Getting value of GridExecution from Test Configuration file : Yes
 INFO | 2022-12-07 13:27:11,429 | Common.java | 76 | Getting value of CssStyle from Test Configuration file : Style3
 INFO | 2022-12-07 13:27:15,280 | Common.java | 76 | Cleanup activites...
 INFO | 2022-12-07 13:27:15,281 | Common.java | 76 | Cleanup activities - Done...
 INFO | 2022-12-07 13:27:15,281 | Common.java | 76 | ###################################
 INFO | 2022-12-07 13:27:15,298 | Common.java | 76 | Script Execution Complete
 INFO | 2022-12-07 13:27:15,298 | Common.java | 76 | ###################################
